Compiling the C compiler identification source file "CMakeCCompilerId.c" failed.
Compiler:  
Build flags: 
Id flags:  

The output was:
1
.NET Framework용 Microsoft (R) Build Engine 버전 16.7.0+b89cb5fde
Copyright (C) Microsoft Corporation. All rights reserved.

빌드 시작: 2021-03-08 오전 11:46:23
1 노드의 "D:\mygit\lecture_cpp\ref_book\02_mordern_cpp\ch01_basic\CMakeFiles\3.20.0-rc3\CompilerIdC\CompilerIdC.vcxproj" 프로젝트(기본 대상)입니다.
PrepareForBuild:
  "Debug\" 디렉터리를 만들고 있습니다.
  "Debug\CompilerIdC.tlog\" 디렉터리를 만들고 있습니다.
InitializeBuildStatus:
  "AlwaysCreate"이(가) 지정되었기 때문에 "Debug\CompilerIdC.tlog\unsuccessfulbuild"을(를) 만들고 있습니다.
ClCompile:
  C:\Program Files (x86)\Microsoft Visual Studio\2019\Community\VC\Tools\MSVC\14.27.29110\bin\HostX64\x64\CL.exe /c /nologo /W0 /WX- /diagnostics:column /Od /D _MBCS /Gm- /EHsc /RTC1 /MDd /GS /fp:precise /Zc:wchar_t /Zc:forScope /Zc:inline /Fo"Debug\\" /Fd"Debug\vc142.pdb" /Gd /TC /FC /errorReport:queue CMakeCCompilerId.c
  CMakeCCompilerId.c
Link:
  C:\Program Files (x86)\Microsoft Visual Studio\2019\Community\VC\Tools\MSVC\14.27.29110\bin\HostX64\x64\link.exe /ERRORREPORT:QUEUE /OUT:".\CompilerIdC.exe" /INCREMENTAL:NO /NOLOGO kernel32.lib user32.lib gdi32.lib winspool.lib comdlg32.lib advapi32.lib shell32.lib ole32.lib oleaut32.lib uuid.lib odbc32.lib odbccp32.lib /MANIFEST /MANIFESTUAC:"level='asInvoker' uiAccess='false'" /manifest:embed /PDB:".\CompilerIdC.pdb" /SUBSYSTEM:CONSOLE /TLBID:1 /DYNAMICBASE /NXCOMPAT /IMPLIB:".\CompilerIdC.lib" /MACHINE:X64 Debug\CMakeCCompilerId.obj
LINK : fatal error LNK1104: 'ucrtd.lib' 파일을 열 수 없습니다. [D:\mygit\lecture_cpp\ref_book\02_mordern_cpp\ch01_basic\CMakeFiles\3.20.0-rc3\CompilerIdC\CompilerIdC.vcxproj]
"D:\mygit\lecture_cpp\ref_book\02_mordern_cpp\ch01_basic\CMakeFiles\3.20.0-rc3\CompilerIdC\CompilerIdC.vcxproj" 프로젝트를 빌드했습니다(기본 대상). - 실패

빌드하지 못했습니다.

"D:\mygit\lecture_cpp\ref_book\02_mordern_cpp\ch01_basic\CMakeFiles\3.20.0-rc3\CompilerIdC\CompilerIdC.vcxproj"(기본 대상)(1)->
(Link 대상) -> 
  LINK : fatal error LNK1104: 'ucrtd.lib' 파일을 열 수 없습니다. [D:\mygit\lecture_cpp\ref_book\02_mordern_cpp\ch01_basic\CMakeFiles\3.20.0-rc3\CompilerIdC\CompilerIdC.vcxproj]

    경고 0개
    오류 1개

경과 시간: 00:00:02.41


Compiling the C compiler identification source file "CMakeCCompilerId.c" failed.
Compiler:  
Build flags: 
Id flags:  

The output was:
1
.NET Framework용 Microsoft (R) Build Engine 버전 16.7.0+b89cb5fde
Copyright (C) Microsoft Corporation. All rights reserved.

빌드 시작: 2021-03-08 오전 11:46:26
1 노드의 "D:\mygit\lecture_cpp\ref_book\02_mordern_cpp\ch01_basic\CMakeFiles\3.20.0-rc3\CompilerIdC\CompilerIdC.vcxproj" 프로젝트(기본 대상)입니다.
PrepareForBuild:
  "Debug\" 디렉터리를 만들고 있습니다.
  "Debug\CompilerIdC.tlog\" 디렉터리를 만들고 있습니다.
InitializeBuildStatus:
  "AlwaysCreate"이(가) 지정되었기 때문에 "Debug\CompilerIdC.tlog\unsuccessfulbuild"을(를) 만들고 있습니다.
ClCompile:
  C:\Program Files (x86)\Microsoft Visual Studio\2019\Community\VC\Tools\MSVC\14.27.29110\bin\HostX64\x64\CL.exe /c /nologo /W0 /WX- /diagnostics:column /Od /D _MBCS /Gm- /EHsc /RTC1 /MDd /GS /fp:precise /Zc:wchar_t /Zc:forScope /Zc:inline /Fo"Debug\\" /Fd"Debug\vc142.pdb" /Gd /TC /FC /errorReport:queue CMakeCCompilerId.c
  CMakeCCompilerId.c
Link:
  C:\Program Files (x86)\Microsoft Visual Studio\2019\Community\VC\Tools\MSVC\14.27.29110\bin\HostX64\x64\link.exe /ERRORREPORT:QUEUE /OUT:".\CompilerIdC.exe" /INCREMENTAL:NO /NOLOGO kernel32.lib user32.lib gdi32.lib winspool.lib comdlg32.lib advapi32.lib shell32.lib ole32.lib oleaut32.lib uuid.lib odbc32.lib odbccp32.lib /MANIFEST /MANIFESTUAC:"level='asInvoker' uiAccess='false'" /manifest:embed /PDB:".\CompilerIdC.pdb" /SUBSYSTEM:CONSOLE /TLBID:1 /DYNAMICBASE /NXCOMPAT /IMPLIB:".\CompilerIdC.lib" /MACHINE:X64 Debug\CMakeCCompilerId.obj
LINK : fatal error LNK1104: 'ucrtd.lib' 파일을 열 수 없습니다. [D:\mygit\lecture_cpp\ref_book\02_mordern_cpp\ch01_basic\CMakeFiles\3.20.0-rc3\CompilerIdC\CompilerIdC.vcxproj]
"D:\mygit\lecture_cpp\ref_book\02_mordern_cpp\ch01_basic\CMakeFiles\3.20.0-rc3\CompilerIdC\CompilerIdC.vcxproj" 프로젝트를 빌드했습니다(기본 대상). - 실패

빌드하지 못했습니다.

"D:\mygit\lecture_cpp\ref_book\02_mordern_cpp\ch01_basic\CMakeFiles\3.20.0-rc3\CompilerIdC\CompilerIdC.vcxproj"(기본 대상)(1)->
(Link 대상) -> 
  LINK : fatal error LNK1104: 'ucrtd.lib' 파일을 열 수 없습니다. [D:\mygit\lecture_cpp\ref_book\02_mordern_cpp\ch01_basic\CMakeFiles\3.20.0-rc3\CompilerIdC\CompilerIdC.vcxproj]

    경고 0개
    오류 1개

경과 시간: 00:00:00.87


Compiling the CXX compiler identification source file "CMakeCXXCompilerId.cpp" failed.
Compiler:  
Build flags: 
Id flags:  

The output was:
1
.NET Framework용 Microsoft (R) Build Engine 버전 16.7.0+b89cb5fde
Copyright (C) Microsoft Corporation. All rights reserved.

빌드 시작: 2021-03-08 오전 11:46:28
1 노드의 "D:\mygit\lecture_cpp\ref_book\02_mordern_cpp\ch01_basic\CMakeFiles\3.20.0-rc3\CompilerIdCXX\CompilerIdCXX.vcxproj" 프로젝트(기본 대상)입니다.
PrepareForBuild:
  "Debug\" 디렉터리를 만들고 있습니다.
  "Debug\CompilerIdCXX.tlog\" 디렉터리를 만들고 있습니다.
InitializeBuildStatus:
  "AlwaysCreate"이(가) 지정되었기 때문에 "Debug\CompilerIdCXX.tlog\unsuccessfulbuild"을(를) 만들고 있습니다.
ClCompile:
  C:\Program Files (x86)\Microsoft Visual Studio\2019\Community\VC\Tools\MSVC\14.27.29110\bin\HostX64\x64\CL.exe /c /nologo /W0 /WX- /diagnostics:column /Od /D _MBCS /Gm- /EHsc /RTC1 /MDd /GS /fp:precise /Zc:wchar_t /Zc:forScope /Zc:inline /Fo"Debug\\" /Fd"Debug\vc142.pdb" /Gd /TP /FC /errorReport:queue CMakeCXXCompilerId.cpp
  CMakeCXXCompilerId.cpp
Link:
  C:\Program Files (x86)\Microsoft Visual Studio\2019\Community\VC\Tools\MSVC\14.27.29110\bin\HostX64\x64\link.exe /ERRORREPORT:QUEUE /OUT:".\CompilerIdCXX.exe" /INCREMENTAL:NO /NOLOGO kernel32.lib user32.lib gdi32.lib winspool.lib comdlg32.lib advapi32.lib shell32.lib ole32.lib oleaut32.lib uuid.lib odbc32.lib odbccp32.lib /MANIFEST /MANIFESTUAC:"level='asInvoker' uiAccess='false'" /manifest:embed /PDB:".\CompilerIdCXX.pdb" /SUBSYSTEM:CONSOLE /TLBID:1 /DYNAMICBASE /NXCOMPAT /IMPLIB:".\CompilerIdCXX.lib" /MACHINE:X64 Debug\CMakeCXXCompilerId.obj
LINK : fatal error LNK1104: 'ucrtd.lib' 파일을 열 수 없습니다. [D:\mygit\lecture_cpp\ref_book\02_mordern_cpp\ch01_basic\CMakeFiles\3.20.0-rc3\CompilerIdCXX\CompilerIdCXX.vcxproj]
"D:\mygit\lecture_cpp\ref_book\02_mordern_cpp\ch01_basic\CMakeFiles\3.20.0-rc3\CompilerIdCXX\CompilerIdCXX.vcxproj" 프로젝트를 빌드했습니다(기본 대상). - 실패

빌드하지 못했습니다.

"D:\mygit\lecture_cpp\ref_book\02_mordern_cpp\ch01_basic\CMakeFiles\3.20.0-rc3\CompilerIdCXX\CompilerIdCXX.vcxproj"(기본 대상)(1)->
(Link 대상) -> 
  LINK : fatal error LNK1104: 'ucrtd.lib' 파일을 열 수 없습니다. [D:\mygit\lecture_cpp\ref_book\02_mordern_cpp\ch01_basic\CMakeFiles\3.20.0-rc3\CompilerIdCXX\CompilerIdCXX.vcxproj]

    경고 0개
    오류 1개

경과 시간: 00:00:00.93


Compiling the CXX compiler identification source file "CMakeCXXCompilerId.cpp" failed.
Compiler:  
Build flags: 
Id flags:  

The output was:
1
.NET Framework용 Microsoft (R) Build Engine 버전 16.7.0+b89cb5fde
Copyright (C) Microsoft Corporation. All rights reserved.

빌드 시작: 2021-03-08 오전 11:46:29
1 노드의 "D:\mygit\lecture_cpp\ref_book\02_mordern_cpp\ch01_basic\CMakeFiles\3.20.0-rc3\CompilerIdCXX\CompilerIdCXX.vcxproj" 프로젝트(기본 대상)입니다.
PrepareForBuild:
  "Debug\" 디렉터리를 만들고 있습니다.
  "Debug\CompilerIdCXX.tlog\" 디렉터리를 만들고 있습니다.
InitializeBuildStatus:
  "AlwaysCreate"이(가) 지정되었기 때문에 "Debug\CompilerIdCXX.tlog\unsuccessfulbuild"을(를) 만들고 있습니다.
ClCompile:
  C:\Program Files (x86)\Microsoft Visual Studio\2019\Community\VC\Tools\MSVC\14.27.29110\bin\HostX64\x64\CL.exe /c /nologo /W0 /WX- /diagnostics:column /Od /D _MBCS /Gm- /EHsc /RTC1 /MDd /GS /fp:precise /Zc:wchar_t /Zc:forScope /Zc:inline /Fo"Debug\\" /Fd"Debug\vc142.pdb" /Gd /TP /FC /errorReport:queue CMakeCXXCompilerId.cpp
  CMakeCXXCompilerId.cpp
Link:
  C:\Program Files (x86)\Microsoft Visual Studio\2019\Community\VC\Tools\MSVC\14.27.29110\bin\HostX64\x64\link.exe /ERRORREPORT:QUEUE /OUT:".\CompilerIdCXX.exe" /INCREMENTAL:NO /NOLOGO kernel32.lib user32.lib gdi32.lib winspool.lib comdlg32.lib advapi32.lib shell32.lib ole32.lib oleaut32.lib uuid.lib odbc32.lib odbccp32.lib /MANIFEST /MANIFESTUAC:"level='asInvoker' uiAccess='false'" /manifest:embed /PDB:".\CompilerIdCXX.pdb" /SUBSYSTEM:CONSOLE /TLBID:1 /DYNAMICBASE /NXCOMPAT /IMPLIB:".\CompilerIdCXX.lib" /MACHINE:X64 Debug\CMakeCXXCompilerId.obj
LINK : fatal error LNK1104: 'ucrtd.lib' 파일을 열 수 없습니다. [D:\mygit\lecture_cpp\ref_book\02_mordern_cpp\ch01_basic\CMakeFiles\3.20.0-rc3\CompilerIdCXX\CompilerIdCXX.vcxproj]
"D:\mygit\lecture_cpp\ref_book\02_mordern_cpp\ch01_basic\CMakeFiles\3.20.0-rc3\CompilerIdCXX\CompilerIdCXX.vcxproj" 프로젝트를 빌드했습니다(기본 대상). - 실패

빌드하지 못했습니다.

"D:\mygit\lecture_cpp\ref_book\02_mordern_cpp\ch01_basic\CMakeFiles\3.20.0-rc3\CompilerIdCXX\CompilerIdCXX.vcxproj"(기본 대상)(1)->
(Link 대상) -> 
  LINK : fatal error LNK1104: 'ucrtd.lib' 파일을 열 수 없습니다. [D:\mygit\lecture_cpp\ref_book\02_mordern_cpp\ch01_basic\CMakeFiles\3.20.0-rc3\CompilerIdCXX\CompilerIdCXX.vcxproj]

    경고 0개
    오류 1개

경과 시간: 00:00:00.87


